<?xml version="1.0" encoding="UTF-8"?>
<testng-results skipped="0" failed="0" total="2" passed="2">
  <reporter-output>
  </reporter-output>
  <suite name="Default suite" duration-ms="10353" started-at="2018-03-11T23:32:34Z" finished-at="2018-03-11T23:32:45Z">
    <groups>
    </groups>
    <test name="Default test" duration-ms="10353" started-at="2018-03-11T23:32:34Z" finished-at="2018-03-11T23:32:45Z">
      <class name="com.testing.NewTest">
        <test-method status="PASS" signature="beforeClass()[pri:0, instance:com.testing.NewTest@7f9a81e8]" name="beforeClass" is-config="true" duration-ms="5392" started-at="2018-03-12T10:32:34Z" finished-at="2018-03-12T10:32:40Z">
          <reporter-output>
          </reporter-output>
        </test-method> <!-- beforeClass -->
        <test-method status="PASS" signature="f()[pri:0, instance:com.testing.NewTest@7f9a81e8]" name="f" duration-ms="1452" started-at="2018-03-12T10:32:40Z" finished-at="2018-03-12T10:32:41Z">
          <reporter-output>
          </reporter-output>
        </test-method> <!-- f -->
        <test-method status="PASS" signature="f1()[pri:0, instance:com.testing.NewTest@7f9a81e8]" name="f1" duration-ms="3208" started-at="2018-03-12T10:32:41Z" finished-at="2018-03-12T10:32:44Z">
          <reporter-output>
          </reporter-output>
        </test-method> <!-- f1 -->
        <test-method status="PASS" signature="afterClass()[pri:0, instance:com.testing.NewTest@7f9a81e8]" name="afterClass" is-config="true" duration-ms="271" started-at="2018-03-12T10:32:44Z" finished-at="2018-03-12T10:32:45Z">
          <reporter-output>
          </reporter-output>
        </test-method> <!-- afterClass -->
      </class> <!-- com.testing.NewTest -->
    </test> <!-- Default test -->
  </suite> <!-- Default suite -->
</testng-results>
